<?xml version="1.0" encoding="UTF-8"?>
<robot generator="Robot 6.0.2 (Python 3.8.0 on linux)" generated="20230209 23:46:49.176" rpa="false" schemaversion="3">
<suite id="s1" name="API testing" source="/home/shamil/PycharmProjects/API_testing">
<suite id="s1-s1" name="Task 2" source="/home/shamil/PycharmProjects/API_testing/Task 2">
<suite id="s1-s1-s1" name="Valid Login" source="/home/shamil/PycharmProjects/API_testing/Task 2/valid_login.robot">
<test id="s1-s1-s1-t1" name="Valid Login" line="9">
<kw name="Open Browser To Login Page" library="resource">
<kw name="Open Browser" library="SeleniumLibrary">
<arg>${LOGIN URL}</arg>
<arg>${BROWSER}</arg>
<doc>Opens a new browser instance to the optional ``url``.</doc>
<msg timestamp="20230209 23:46:49.297" level="INFO">Opening browser 'edge' to base url 'http://www.evernote.com/Login.action'.</msg>
<status status="PASS" starttime="20230209 23:46:49.296" endtime="20230209 23:46:52.087"/>
</kw>
<kw name="Maximize Browser Window" library="SeleniumLibrary">
<doc>Maximizes current browser window.</doc>
<status status="PASS" starttime="20230209 23:46:52.087" endtime="20230209 23:46:52.192"/>
</kw>
<kw name="Set Selenium Speed" library="SeleniumLibrary">
<arg>${DELAY}</arg>
<doc>Sets the delay that is waited after each Selenium command.</doc>
<status status="PASS" starttime="20230209 23:46:52.193" endtime="20230209 23:46:52.194"/>
</kw>
<kw name="Login Page Should Be Open" library="resource">
<kw name="Title Should Be" library="SeleniumLibrary">
<arg>Welcome Back</arg>
<doc>Verifies that the current page title equals ``title``.</doc>
<msg timestamp="20230209 23:46:52.208" level="INFO">Page title is 'Welcome Back'.</msg>
<status status="PASS" starttime="20230209 23:46:52.195" endtime="20230209 23:46:52.209"/>
</kw>
<status status="PASS" starttime="20230209 23:46:52.194" endtime="20230209 23:46:52.209"/>
</kw>
<status status="PASS" starttime="20230209 23:46:49.296" endtime="20230209 23:46:52.209"/>
</kw>
<kw name="Input Username" library="resource">
<arg>${VALID USER}</arg>
<kw name="Input Text" library="SeleniumLibrary">
<arg>username</arg>
<arg>${username}</arg>
<doc>Types the given ``text`` into the text field identified by ``locator``.</doc>
<msg timestamp="20230209 23:46:52.213" level="INFO">Typing text 'shamil.amirkhanov003@gmail.com' into text field 'username'.</msg>
<status status="PASS" starttime="20230209 23:46:52.211" endtime="20230209 23:46:52.352"/>
</kw>
<status status="PASS" starttime="20230209 23:46:52.210" endtime="20230209 23:46:52.352"/>
</kw>
<kw name="Submit Credentials" library="resource">
<kw name="Click Button" library="SeleniumLibrary">
<arg>loginButton</arg>
<doc>Clicks the button identified by ``locator``.</doc>
<msg timestamp="20230209 23:46:52.353" level="INFO">Clicking button 'loginButton'.</msg>
<status status="PASS" starttime="20230209 23:46:52.352" endtime="20230209 23:46:52.423"/>
</kw>
<kw name="Sleep" library="BuiltIn">
<arg>3</arg>
<doc>Pauses the test executed for the given time.</doc>
<msg timestamp="20230209 23:46:55.424" level="INFO">Slept 3 seconds</msg>
<status status="PASS" starttime="20230209 23:46:52.423" endtime="20230209 23:46:55.424"/>
</kw>
<status status="PASS" starttime="20230209 23:46:52.352" endtime="20230209 23:46:55.424"/>
</kw>
<kw name="Input Password" library="resource">
<arg>${VALID PASSWORD}</arg>
<kw name="Input Text" library="SeleniumLibrary">
<arg>password</arg>
<arg>${password}</arg>
<doc>Types the given ``text`` into the text field identified by ``locator``.</doc>
<msg timestamp="20230209 23:46:55.428" level="INFO">Typing text '12345678' into text field 'password'.</msg>
<status status="PASS" starttime="20230209 23:46:55.426" endtime="20230209 23:46:55.558"/>
</kw>
<status status="PASS" starttime="20230209 23:46:55.425" endtime="20230209 23:46:55.558"/>
</kw>
<kw name="Submit Credentials" library="resource">
<kw name="Click Button" library="SeleniumLibrary">
<arg>loginButton</arg>
<doc>Clicks the button identified by ``locator``.</doc>
<msg timestamp="20230209 23:46:55.559" level="INFO">Clicking button 'loginButton'.</msg>
<status status="PASS" starttime="20230209 23:46:55.558" endtime="20230209 23:46:57.123"/>
</kw>
<kw name="Sleep" library="BuiltIn">
<arg>3</arg>
<doc>Pauses the test executed for the given time.</doc>
<msg timestamp="20230209 23:47:00.124" level="INFO">Slept 3 seconds</msg>
<status status="PASS" starttime="20230209 23:46:57.124" endtime="20230209 23:47:00.124"/>
</kw>
<status status="PASS" starttime="20230209 23:46:55.558" endtime="20230209 23:47:00.124"/>
</kw>
<kw name="New Note" library="resource">
<kw name="Sleep" library="BuiltIn">
<arg>10</arg>
<doc>Pauses the test executed for the given time.</doc>
<msg timestamp="20230209 23:47:10.125" level="INFO">Slept 10 seconds</msg>
<status status="PASS" starttime="20230209 23:47:00.125" endtime="20230209 23:47:10.125"/>
</kw>
<kw name="Click Button" library="SeleniumLibrary">
<arg>//*[@id="qa-HOME_WIDGET_CONTROL_Notes_2|0_0|0_L9FOY3|13"]/button</arg>
<doc>Clicks the button identified by ``locator``.</doc>
<msg timestamp="20230209 23:47:10.126" level="INFO">Clicking button '//*[@id="qa-HOME_WIDGET_CONTROL_Notes_2|0_0|0_L9FOY3|13"]/button'.</msg>
<status status="PASS" starttime="20230209 23:47:10.126" endtime="20230209 23:47:10.236"/>
</kw>
<kw name="Sleep" library="BuiltIn">
<arg>3</arg>
<doc>Pauses the test executed for the given time.</doc>
<msg timestamp="20230209 23:47:13.237" level="INFO">Slept 3 seconds</msg>
<status status="PASS" starttime="20230209 23:47:10.237" endtime="20230209 23:47:13.237"/>
</kw>
<status status="PASS" starttime="20230209 23:47:00.124" endtime="20230209 23:47:13.238"/>
</kw>
<kw name="Close Browser" library="SeleniumLibrary">
<doc>Closes the current browser.</doc>
<status status="PASS" starttime="20230209 23:47:13.238" endtime="20230209 23:47:13.301"/>
</kw>
<kw name="Open Browser To Login Page" library="resource">
<kw name="Open Browser" library="SeleniumLibrary">
<arg>${LOGIN URL}</arg>
<arg>${BROWSER}</arg>
<doc>Opens a new browser instance to the optional ``url``.</doc>
<msg timestamp="20230209 23:47:13.302" level="INFO">Opening browser 'edge' to base url 'http://www.evernote.com/Login.action'.</msg>
<status status="PASS" starttime="20230209 23:47:13.302" endtime="20230209 23:47:16.172"/>
</kw>
<kw name="Maximize Browser Window" library="SeleniumLibrary">
<doc>Maximizes current browser window.</doc>
<status status="PASS" starttime="20230209 23:47:16.172" endtime="20230209 23:47:16.280"/>
</kw>
<kw name="Set Selenium Speed" library="SeleniumLibrary">
<arg>${DELAY}</arg>
<doc>Sets the delay that is waited after each Selenium command.</doc>
<status status="PASS" starttime="20230209 23:47:16.280" endtime="20230209 23:47:16.280"/>
</kw>
<kw name="Login Page Should Be Open" library="resource">
<kw name="Title Should Be" library="SeleniumLibrary">
<arg>Welcome Back</arg>
<doc>Verifies that the current page title equals ``title``.</doc>
<msg timestamp="20230209 23:47:16.284" level="INFO">Page title is 'Welcome Back'.</msg>
<status status="PASS" starttime="20230209 23:47:16.281" endtime="20230209 23:47:16.284"/>
</kw>
<status status="PASS" starttime="20230209 23:47:16.280" endtime="20230209 23:47:16.285"/>
</kw>
<status status="PASS" starttime="20230209 23:47:13.301" endtime="20230209 23:47:16.285"/>
</kw>
<kw name="Input Username" library="resource">
<arg>${VALID USER}</arg>
<kw name="Input Text" library="SeleniumLibrary">
<arg>username</arg>
<arg>${username}</arg>
<doc>Types the given ``text`` into the text field identified by ``locator``.</doc>
<msg timestamp="20230209 23:47:16.286" level="INFO">Typing text 'shamil.amirkhanov003@gmail.com' into text field 'username'.</msg>
<status status="PASS" starttime="20230209 23:47:16.285" endtime="20230209 23:47:16.361"/>
</kw>
<status status="PASS" starttime="20230209 23:47:16.285" endtime="20230209 23:47:16.361"/>
</kw>
<kw name="Submit Credentials" library="resource">
<kw name="Click Button" library="SeleniumLibrary">
<arg>loginButton</arg>
<doc>Clicks the button identified by ``locator``.</doc>
<msg timestamp="20230209 23:47:16.361" level="INFO">Clicking button 'loginButton'.</msg>
<status status="PASS" starttime="20230209 23:47:16.361" endtime="20230209 23:47:16.434"/>
</kw>
<kw name="Sleep" library="BuiltIn">
<arg>3</arg>
<doc>Pauses the test executed for the given time.</doc>
<msg timestamp="20230209 23:47:19.434" level="INFO">Slept 3 seconds</msg>
<status status="PASS" starttime="20230209 23:47:16.434" endtime="20230209 23:47:19.434"/>
</kw>
<status status="PASS" starttime="20230209 23:47:16.361" endtime="20230209 23:47:19.435"/>
</kw>
<kw name="Input Password" library="resource">
<arg>${VALID PASSWORD}</arg>
<kw name="Input Text" library="SeleniumLibrary">
<arg>password</arg>
<arg>${password}</arg>
<doc>Types the given ``text`` into the text field identified by ``locator``.</doc>
<msg timestamp="20230209 23:47:19.435" level="INFO">Typing text '12345678' into text field 'password'.</msg>
<status status="PASS" starttime="20230209 23:47:19.435" endtime="20230209 23:47:19.490"/>
</kw>
<status status="PASS" starttime="20230209 23:47:19.435" endtime="20230209 23:47:19.490"/>
</kw>
<kw name="Submit Credentials" library="resource">
<kw name="Click Button" library="SeleniumLibrary">
<arg>loginButton</arg>
<doc>Clicks the button identified by ``locator``.</doc>
<msg timestamp="20230209 23:47:19.491" level="INFO">Clicking button 'loginButton'.</msg>
<status status="PASS" starttime="20230209 23:47:19.491" endtime="20230209 23:47:20.705"/>
</kw>
<kw name="Sleep" library="BuiltIn">
<arg>3</arg>
<doc>Pauses the test executed for the given time.</doc>
<msg timestamp="20230209 23:47:23.706" level="INFO">Slept 3 seconds</msg>
<status status="PASS" starttime="20230209 23:47:20.705" endtime="20230209 23:47:23.706"/>
</kw>
<status status="PASS" starttime="20230209 23:47:19.490" endtime="20230209 23:47:23.706"/>
</kw>
<kw name="Sleep" library="BuiltIn">
<arg>10</arg>
<doc>Pauses the test executed for the given time.</doc>
<msg timestamp="20230209 23:47:33.708" level="INFO">Slept 10 seconds</msg>
<status status="PASS" starttime="20230209 23:47:23.707" endtime="20230209 23:47:33.708"/>
</kw>
<kw name="Close Browser" library="SeleniumLibrary">
<doc>Closes the current browser.</doc>
<status status="PASS" starttime="20230209 23:47:33.709" endtime="20230209 23:47:33.773"/>
</kw>
<status status="PASS" starttime="20230209 23:46:49.296" endtime="20230209 23:47:33.773"/>
</test>
<doc>A test suite with a single test for valid login.

This test has a workflow that is created using keywords in
the imported resource file.</doc>
<status status="PASS" starttime="20230209 23:46:49.194" endtime="20230209 23:47:33.774"/>
</suite>
<status status="PASS" starttime="20230209 23:46:49.192" endtime="20230209 23:47:33.775"/>
</suite>
<status status="PASS" starttime="20230209 23:46:49.177" endtime="20230209 23:47:33.776"/>
</suite>
<statistics>
<total>
<stat pass="1" fail="0" skip="0">All Tests</stat>
</total>
<tag>
</tag>
<suite>
<stat pass="1" fail="0" skip="0" id="s1" name="API testing">API testing</stat>
<stat pass="1" fail="0" skip="0" id="s1-s1" name="Task 2">API testing.Task 2</stat>
<stat pass="1" fail="0" skip="0" id="s1-s1-s1" name="Valid Login">API testing.Task 2.Valid Login</stat>
</suite>
</statistics>
<errors>
</errors>
</robot>
